Arguments: 
  C:\Program Files (x86)\nodejs\node.exe C:\Users\Mokafela\AppData\Roaming\npm\node_modules\yarn\bin\yarn.js install

PATH: 
  E:\WorkProjects\info-cuki-fetched\cuki-info\node_modules\.bin;C:\Program Files\Common Files\Oracle\Java\javapath;C:\Program Files (x86)\Common Files\Oracle\Java\javapath;C:\Program Files (x86)\Common Files\Intel\Shared Libraries\redist\intel64_win\compiler;C:\Program Files (x86)\Common Files\Intel\Shared Libraries\redist\intel64\compiler;C:\Windows\system32;C:\Windows;C:\Windows\System32\Wbem;C:\Windows\System32\WindowsPowerShell\v1.0\;C:\Windows\System32\OpenSSH\;C:\Program Files (x86)\GtkSharp\2.12\bin;C:\Users\Mokafela\Desktop\Windows 7 USB DVD Download Tool.lnk;C:\Users\Mokafela\.dnx\bin;C:\Program Files\Microsoft DNX\Dnvm\;C:\Program Files\Microsoft SQL Server\120\Tools\Binn\;C:\Program Files\Microsoft SQL Server\130\Tools\Binn\;C:\Program Files (x86)\NVIDIA Corporation\PhysX\Common;C:\WINDOWS\system32;C:\WINDOWS;C:\WINDOWS\System32\Wbem;C:\WINDOWS\System32\WindowsPowerShell\v1.0\;C:\WINDOWS\System32\OpenSSH\;C:\APPS\Git\cmd;E:\FL Studio;C:\Users\Mokafela\AppData\Local\Programs\Python\Python39\Scripts;C:\APPS\Revo Uninstaller Pro;C:\APPS\Git;E:\Unity SDk\platform-tools;C:\Windows\System32\cmd.exe;C:\Users\Mokafela\Desktop\Chromium Source\depot_tools;C:\ProgramData\chocolatey\bin;C:\wamp64\bin\php\php7.4.9;C:\ProgramData\ComposerSetup\bin;C:\Program Files (x86)\nodejs\;C:\APPS\Microsoft VS Code\bin;C:\Users\Mokafela\AppData\Local\hyper\app-3.0.2\resources\bin;C:\Users\Mokafela\AppData\Roaming\Composer\vendor\bin;C:\Users\Mokafela\AppData\Roaming\npm

Yarn version: 
  1.22.10

Node version: 
  14.17.0

Platform: 
  win32 ia32

Trace: 
  Error: connect EACCES 104.16.16.35:443
      at TCPConnectWrap.afterConnect [as oncomplete] (net.js:1146:16)

npm manifest: 
  {
    "name": "gatsby-starter-minimal",
    "version": "1.0.0",
    "private": true,
    "description": "A Gatsby starter with no plugins and a single welcome page.",
    "author": "Laurie Barth",
    "keywords": [
      "gatsby"
    ],
    "scripts": {
      "develop": "gatsby develop",
      "start": "gatsby develop",
      "build": "gatsby build",
      "serve": "gatsby serve",
      "clean": "gatsby clean"
    },
    "license": "0BSD",
    "dependencies": {
      "bootstrap": "^5.0.0",
      "gatsby": "^3.5.0",
      "gatsby-plugin-manifest": "^3.5.0",
      "gatsby-plugin-react-helmet": "^4.5.0",
      "gsap": "^3.6.1",
      "jquery": "^3.6.0",
      "react": "^17.0.1",
      "react-dom": "^17.0.1",
      "react-helmet": "^6.1.0",
      "react-lottie": "^1.2.3"
    }
  }

yarn manifest: 
  No manifest

Lockfile: 
  No lockfile
